79423.analytics.edgekey.net 存在于黑白名单
WhiteLine#3 BlackLine#7698 父域: analytics.edgekey.net@BlackLine#40167

ac.ebis.ne.jp 存在于黑白名单
WhiteLine#6 BlackLine#15563 父域: ebis.ne.jp@BlackLine#110650

acs.m.taobao.com 存在于黑白名单
WhiteLine#10 BlackLine#16635

action.metaffiliation.com 存在于黑白名单
WhiteLine#11 BlackLine#16730 父域: metaffiliation.com@BlackLine#196327

ad.10010.com 存在于黑白名单
WhiteLine#12 BlackLine#17368

ad.ourgame.com 存在于黑白名单
WhiteLine#15 BlackLine#17989

admin.dable.io 存在于黑白名单
WhiteLine#17 BlackLine#20209 父域: dable.io@BlackLine#92920

afi-b.com 存在于黑白名单
WhiteLine#20 BlackLine#26780

analytics.amplitude.com 存在于黑白名单
WhiteLine#21 BlackLine#39791 父域: amplitude.com@BlackLine#39074

api.ads.tvb.com 存在于黑白名单
WhiteLine#25 BlackLine#43591 父域: ads.tvb.com@BlackLine#22815

api.sec.miui.com 存在于黑白名单
WhiteLine#29 BlackLine#44046

app.adjust.com 存在于黑白名单
WhiteLine#32 BlackLine#44770 父域: adjust.com@BlackLine#19889

app.appsflyer.com 存在于黑白名单
WhiteLine#33 BlackLine#44799 父域: appsflyer.com@BlackLine#46644

awin1.com 存在于黑白名单
WhiteLine#37 BlackLine#52492

click.cptrack.de 存在于黑白名单
WhiteLine#55 BlackLine#78505 父域: cptrack.de@BlackLine#87198

config2.cmpassport.com 存在于黑白名单
WhiteLine#66 BlackLine#83050

content.ingbank.pl 存在于黑白名单
WhiteLine#67 BlackLine#84120

d.toutiao.com 存在于黑白名单
WhiteLine#71 BlackLine#91259

daikoku.ebis.ne.jp 存在于黑白名单
WhiteLine#72 BlackLine#93095 父域: ebis.ne.jp@BlackLine#110650

data.digital.costco.ca 存在于黑白名单
WhiteLine#74 BlackLine#96711

data.digital.costco.com 存在于黑白名单
WhiteLine#75 BlackLine#96712

e.customeriomail.com 存在于黑白名单
WhiteLine#76 BlackLine#109488

galleryapi.micloud.xiaomi.net 存在于黑白名单
WhiteLine#86 BlackLine#131628

gaode-jmacs.m.taobao.com 存在于黑白名单
WhiteLine#87 BlackLine#132054

h5.tv.mi.com 存在于黑白名单
WhiteLine#97 BlackLine#143013

hb.afl.rakuten.co.jp 存在于黑白名单
WhiteLine#98 BlackLine#144423 父域: afl.rakuten.co.jp@BlackLine#26810

hot.browser.miui.com 存在于黑白名单
WhiteLine#102 BlackLine#148937 父域: browser.miui.com@BlackLine#65282

log.mmstat.com 存在于黑白名单
WhiteLine#122 BlackLine#182989 父域: mmstat.com@BlackLine#202443

logentries.com 存在于黑白名单
WhiteLine#123 BlackLine#183365

marketing.net.idealo-partner.com 存在于黑白名单
WhiteLine#127 BlackLine#191319 父域: net.idealo-partner.com@BlackLine#210794

mis.g.mi.com 存在于黑白名单
WhiteLine#130 BlackLine#200816

omniture.walmart.com 存在于黑白名单
WhiteLine#138 BlackLine#223283

omsc.kpn.com 存在于黑白名单
WhiteLine#139 BlackLine#223378

pagead.l.doubleclick.net 存在于黑白名单
WhiteLine#141 BlackLine#228370 父域: doubleclick.net@BlackLine#106317

proto2ad.durasite.net 存在于黑白名单
WhiteLine#145 BlackLine#244168

px.a8.net 存在于黑白名单
WhiteLine#148 BlackLine#248330 父域: a8.net@BlackLine#12853

recommender.scarabresearch.com 存在于黑白名单
WhiteLine#151 BlackLine#254053 父域: scarabresearch.com@BlackLine#266390

resolver.msg.xiaomi.net 存在于黑白名单
WhiteLine#158 BlackLine#256538

sax.sina.com.cn 存在于黑白名单
WhiteLine#159 BlackLine#265814

security.browser.miui.com 存在于黑白名单
WhiteLine#163 BlackLine#269362 父域: browser.miui.com@BlackLine#65282

security.snssdk.com 存在于黑白名单
WhiteLine#164 BlackLine#269410

sentry.d.xiaomi.net 存在于黑白名单
WhiteLine#165 BlackLine#270493

srv.sec.miui.com 存在于黑白名单
WhiteLine#168 BlackLine#288127

stats.music.xiaomi.com 存在于黑白名单
WhiteLine#171 BlackLine#293623

str.hit.gemius.pl 存在于黑白名单
WhiteLine#172 BlackLine#295787 父域: gemius.pl@BlackLine#133163

tags.crwdcntrl.net 存在于黑白名单
WhiteLine#177 BlackLine#301977 父域: crwdcntrl.net@BlackLine#88553

tms.capitalone.com 存在于黑白名单
WhiteLine#183 BlackLine#309840

torimochi.line-apps.com 存在于黑白名单
WhiteLine#184 BlackLine#311208

track.webgains.com 存在于黑白名单
WhiteLine#187 BlackLine#314439 父域: webgains.com@BlackLine#337833

vv.video.qq.com 存在于黑白名单
WhiteLine#191 BlackLine#334764

www.googleadservices.com 存在于黑白名单
WhiteLine#193 BlackLine#378816 父域: googleadservices.com@BlackLine#138554

www.jdoqocy.com 存在于黑白名单
WhiteLine#194 BlackLine#385828 父域: jdoqocy.com@BlackLine#164454

www.statcounter.com 存在于黑白名单
WhiteLine#195 BlackLine#418330 父域: statcounter.com@BlackLine#291987