79423.analytics.edgekey.net 存在于黑白名单
WhiteLine#3 BlackLine#4536 父域: analytics.edgekey.net@BlackLine#30256

acs.m.taobao.com 存在于黑白名单
WhiteLine#10 BlackLine#11739

action.metaffiliation.com 存在于黑白名单
WhiteLine#11 BlackLine#11805 父域: metaffiliation.com@BlackLine#135492

ad.10010.com 存在于黑白名单
WhiteLine#12 BlackLine#12284

ad.ourgame.com 存在于黑白名单
WhiteLine#15 BlackLine#12799

admin.dable.io 存在于黑白名单
WhiteLine#17 BlackLine#14683 父域: dable.io@BlackLine#65868

afi-b.com 存在于黑白名单
WhiteLine#20 BlackLine#20299

analytics.amplitude.com 存在于黑白名单
WhiteLine#21 BlackLine#29958

api.ads.tvb.com 存在于黑白名单
WhiteLine#25 BlackLine#32869 父域: ads.tvb.com@BlackLine#16890

api.sec.miui.com 存在于黑白名单
WhiteLine#29 BlackLine#33263

app.adjust.com 存在于黑白名单
WhiteLine#32 BlackLine#33770 父域: adjust.com@BlackLine#14422

app.appsflyer.com 存在于黑白名单
WhiteLine#33 BlackLine#33797 父域: appsflyer.com@BlackLine#35256

awin1.com 存在于黑白名单
WhiteLine#37 BlackLine#38652

click.cptrack.de 存在于黑白名单
WhiteLine#55 BlackLine#55950 父域: cptrack.de@BlackLine#61760

content.ingbank.pl 存在于黑白名单
WhiteLine#66 BlackLine#59987

d.toutiao.com 存在于黑白名单
WhiteLine#70 BlackLine#64375

daikoku.ebis.ne.jp 存在于黑白名单
WhiteLine#71 BlackLine#65985 父域: ebis.ne.jp@BlackLine#78624

data.digital.costco.ca 存在于黑白名单
WhiteLine#73 BlackLine#69204

data.digital.costco.com 存在于黑白名单
WhiteLine#74 BlackLine#69205

e.customeriomail.com 存在于黑白名单
WhiteLine#75 BlackLine#77779

galleryapi.micloud.xiaomi.net 存在于黑白名单
WhiteLine#85 BlackLine#91987

gaode-jmacs.m.taobao.com 存在于黑白名单
WhiteLine#86 BlackLine#92222

hb.afl.rakuten.co.jp 存在于黑白名单
WhiteLine#97 BlackLine#100558 父域: afl.rakuten.co.jp@BlackLine#20324

log.mmstat.com 存在于黑白名单
WhiteLine#121 BlackLine#126457 父域: mmstat.com@BlackLine#140413

logentries.com 存在于黑白名单
WhiteLine#122 BlackLine#126813

marketing.net.idealo-partner.com 存在于黑白名单
WhiteLine#126 BlackLine#132047 父域: net.idealo-partner.com@BlackLine#145739

omniture.walmart.com 存在于黑白名单
WhiteLine#137 BlackLine#154802

omsc.kpn.com 存在于黑白名单
WhiteLine#138 BlackLine#154887

pagead.l.doubleclick.net 存在于黑白名单
WhiteLine#140 BlackLine#158159 父域: doubleclick.net@BlackLine#75616

proto2ad.durasite.net 存在于黑白名单
WhiteLine#144 BlackLine#169049

px.a8.net 存在于黑白名单
WhiteLine#147 BlackLine#170524 父域: a8.net@BlackLine#8831

recommender.scarabresearch.com 存在于黑白名单
WhiteLine#150 BlackLine#174339 父域: scarabresearch.com@BlackLine#182851

sax.sina.com.cn 存在于黑白名单
WhiteLine#158 BlackLine#182481

stats.music.xiaomi.com 存在于黑白名单
WhiteLine#166 BlackLine#203168

tags.crwdcntrl.net 存在于黑白名单
WhiteLine#172 BlackLine#208988 父域: crwdcntrl.net@BlackLine#62637

tms.capitalone.com 存在于黑白名单
WhiteLine#178 BlackLine#214328

torimochi.line-apps.com 存在于黑白名单
WhiteLine#179 BlackLine#215180

track.webgains.com 存在于黑白名单
WhiteLine#182 BlackLine#218268 父域: webgains.com@BlackLine#234823

vv.video.qq.com 存在于黑白名单
WhiteLine#186 BlackLine#232794

www.googleadservices.com 存在于黑白名单
WhiteLine#188 BlackLine#267543 父域: googleadservices.com@BlackLine#96749

www.jdoqocy.com 存在于黑白名单
WhiteLine#189 BlackLine#272906 父域: jdoqocy.com@BlackLine#114044

www.statcounter.com 存在于黑白名单
WhiteLine#190 BlackLine#299491 父域: statcounter.com@BlackLine#201682