-120-600 #该条目为非字母结尾的无效条目
-120x600- #该条目为非字母结尾的无效条目
-120x600 #该条目为非字母结尾的无效条目
-160-600 #该条目为非字母结尾的无效条目
-160x600 #该条目为非字母结尾的无效条目
-300-250 #该条目为非字母结尾的无效条目
-300x600 #该条目为非字母结尾的无效条目
-460x68 #该条目为非字母结尾的无效条目
-468-100 #该条目为非字母结尾的无效条目
-468-60- #该条目为非字母结尾的无效条目
-468-60 #该条目为非字母结尾的无效条目
-468x60- #该条目为非字母结尾的无效条目
-468x60 #该条目为非字母结尾的无效条目
-468x70 #该条目为非字母结尾的无效条目
-468x80 #该条目为非字母结尾的无效条目
-468x90 #该条目为非字母结尾的无效条目
-480x60- #该条目为非字母结尾的无效条目
-480x60 #该条目为非字母结尾的无效条目
-486x60 #该条目为非字母结尾的无效条目
-500x100 #该条目为非字母结尾的无效条目
-600x70 #该条目为非字母结尾的无效条目
-600x90- #该条目为非字母结尾的无效条目
-720x90- #该条目为非字母结尾的无效条目
-720x90 #该条目为非字母结尾的无效条目
-728-90- #该条目为非字母结尾的无效条目
-728-90 #该条目为非字母结尾的无效条目
-728.90 #该条目为非字母结尾的无效条目
-728x90- #该条目为非字母结尾的无效条目
-728x90 #该条目为非字母结尾的无效条目
-729x91- #该条目为非字母结尾的无效条目
-780x90- #该条目为非字母结尾的无效条目
-980x60- #该条目为非字母结尾的无效条目
-988x60 #该条目为非字母结尾的无效条目
-didomi.js #该条目为.js结尾的无效条目
-geoIP.js #该条目为.js结尾的无效条目
-scroll-tracker.js #该条目为.js结尾的无效条目
.1.1.1.l80.js #该条目为.js结尾的无效条目
.120x600 #该条目为非字母结尾的无效条目
.160x600 #该条目为非字母结尾的无效条目
.3.n.2.1.l50.js #该条目为.js结尾的无效条目
.3.n.2.2.l30.js #该条目为.js结尾的无效条目
.300x250 #该条目为非字母结尾的无效条目
.468x60- #该条目为非字母结尾的无效条目
.468x60 #该条目为非字母结尾的无效条目
.468x80- #该条目为非字母结尾的无效条目
.468x80 #该条目为非字母结尾的无效条目
.480x60- #该条目为非字母结尾的无效条目
.480x60 #该条目为非字母结尾的无效条目
.728x90- #该条目为非字母结尾的无效条目
.900x100 #该条目为非字母结尾的无效条目
.beacon.min.js #该条目为.js结尾的无效条目
.eloqua.js #该条目为.js结尾的无效条目
.gatracking.js #该条目为.js结尾的无效条目
.n.2.1.js #该条目为.js结尾的无效条目
.n.2.1.l60.js #该条目为.js结尾的无效条目
.outbound-links.pageview-props.revenue.tagged-events.js #该条目为.js结尾的无效条目
.pageview-props.js #该条目为.js结尾的无效条目
.skimlinks.js #该条目为.js结尾的无效条目
142.91.159 #该条目为非字母结尾的无效条目
158.247.208 #该条目为非字母结尾的无效条目
23.109.82 #该条目为非字母结尾的无效条目
23.109.87 #该条目为非字母结尾的无效条目
aan.amazon.* #该条目为非字母结尾的无效条目
ad.kisstvshow.* #该条目为非字母结尾的无效条目
adserver1 #该条目为非字母结尾的无效条目
adservice.google.* #该条目为非字母结尾的无效条目
adservice.google.co.* #该条目为非字母结尾的无效条目
bondzgi* #该条目为非字母结尾的无效条目
cnt.hd21 #该条目为非字母结尾的无效条目
collector.xhamster* #该条目为非字母结尾的无效条目
pgl.example0101 #该条目为非字母结尾的无效条目
player-feedback*.glomex.* #该条目为非字母结尾的无效条目
servo-report.keepstreams.* #该条目为非字母结尾的无效条目
ulog*.* #该条目为非字母结尾的无效条目
-120-600 #该条目为非字母结尾的无效条目
-120x600- #该条目为非字母结尾的无效条目
-120x600 #该条目为非字母结尾的无效条目
-160-600 #该条目为非字母结尾的无效条目
-160x600 #该条目为非字母结尾的无效条目
-300-250 #该条目为非字母结尾的无效条目
-300x600 #该条目为非字母结尾的无效条目
-460x68 #该条目为非字母结尾的无效条目
-468-100 #该条目为非字母结尾的无效条目
-468-60- #该条目为非字母结尾的无效条目
-468-60 #该条目为非字母结尾的无效条目
-468x60- #该条目为非字母结尾的无效条目
-468x60 #该条目为非字母结尾的无效条目
-468x70 #该条目为非字母结尾的无效条目
-468x80 #该条目为非字母结尾的无效条目
-468x90 #该条目为非字母结尾的无效条目
-480x60- #该条目为非字母结尾的无效条目
-480x60 #该条目为非字母结尾的无效条目
-486x60 #该条目为非字母结尾的无效条目
-500x100 #该条目为非字母结尾的无效条目
-600x70 #该条目为非字母结尾的无效条目
-600x90- #该条目为非字母结尾的无效条目
-720x90- #该条目为非字母结尾的无效条目
-720x90 #该条目为非字母结尾的无效条目
-728-90- #该条目为非字母结尾的无效条目
-728-90 #该条目为非字母结尾的无效条目
-728.90 #该条目为非字母结尾的无效条目
-728x90- #该条目为非字母结尾的无效条目
-728x90 #该条目为非字母结尾的无效条目
-729x91- #该条目为非字母结尾的无效条目
-780x90- #该条目为非字母结尾的无效条目
-980x60- #该条目为非字母结尾的无效条目
-988x60 #该条目为非字母结尾的无效条目
-didomi.js #该条目为.js结尾的无效条目
-geoIP.js #该条目为.js结尾的无效条目
-scroll-tracker.js #该条目为.js结尾的无效条目
.1.1.1.l80.js #该条目为.js结尾的无效条目
.120x600 #该条目为非字母结尾的无效条目
.160x600 #该条目为非字母结尾的无效条目
.3.n.2.1.l50.js #该条目为.js结尾的无效条目
.3.n.2.2.l30.js #该条目为.js结尾的无效条目
.300x250 #该条目为非字母结尾的无效条目
.468x60- #该条目为非字母结尾的无效条目
.468x60 #该条目为非字母结尾的无效条目
.468x80- #该条目为非字母结尾的无效条目
.468x80 #该条目为非字母结尾的无效条目
.480x60- #该条目为非字母结尾的无效条目
.480x60 #该条目为非字母结尾的无效条目
.728x90- #该条目为非字母结尾的无效条目
.900x100 #该条目为非字母结尾的无效条目
.beacon.min.js #该条目为.js结尾的无效条目
.eloqua.js #该条目为.js结尾的无效条目
.gatracking.js #该条目为.js结尾的无效条目
.n.2.1.js #该条目为.js结尾的无效条目
.n.2.1.l60.js #该条目为.js结尾的无效条目
.outbound-links.pageview-props.revenue.tagged-events.js #该条目为.js结尾的无效条目
.pageview-props.js #该条目为.js结尾的无效条目
.skimlinks.js #该条目为.js结尾的无效条目
142.91.159 #该条目为非字母结尾的无效条目
158.247.208 #该条目为非字母结尾的无效条目
23.109.82 #该条目为非字母结尾的无效条目
23.109.87 #该条目为非字母结尾的无效条目
aan.amazon.* #该条目为非字母结尾的无效条目
ad.kisstvshow.* #该条目为非字母结尾的无效条目
adserver1 #该条目为非字母结尾的无效条目
adservice.google.* #该条目为非字母结尾的无效条目
adservice.google.co.* #该条目为非字母结尾的无效条目
bondzgi* #该条目为非字母结尾的无效条目
cnt.hd21 #该条目为非字母结尾的无效条目
collector.xhamster* #该条目为非字母结尾的无效条目
pgl.example0101 #该条目为非字母结尾的无效条目
player-feedback*.glomex.* #该条目为非字母结尾的无效条目
servo-report.keepstreams.* #该条目为非字母结尾的无效条目
ulog*.* #该条目为非字母结尾的无效条目
-120-600 #该条目为非字母结尾的无效条目
-120x600- #该条目为非字母结尾的无效条目
-120x600 #该条目为非字母结尾的无效条目
-160-600 #该条目为非字母结尾的无效条目
-160x600 #该条目为非字母结尾的无效条目
-300-250 #该条目为非字母结尾的无效条目
-300x600 #该条目为非字母结尾的无效条目
-460x68 #该条目为非字母结尾的无效条目
-468-100 #该条目为非字母结尾的无效条目
-468-60- #该条目为非字母结尾的无效条目
-468-60 #该条目为非字母结尾的无效条目
-468x60- #该条目为非字母结尾的无效条目
-468x60 #该条目为非字母结尾的无效条目
-468x70 #该条目为非字母结尾的无效条目
-468x80 #该条目为非字母结尾的无效条目
-468x90 #该条目为非字母结尾的无效条目
-480x60- #该条目为非字母结尾的无效条目
-480x60 #该条目为非字母结尾的无效条目
-486x60 #该条目为非字母结尾的无效条目
-500x100 #该条目为非字母结尾的无效条目
-600x70 #该条目为非字母结尾的无效条目
-600x90- #该条目为非字母结尾的无效条目
-720x90- #该条目为非字母结尾的无效条目
-720x90 #该条目为非字母结尾的无效条目
-728-90- #该条目为非字母结尾的无效条目
-728-90 #该条目为非字母结尾的无效条目
-728.90 #该条目为非字母结尾的无效条目
-728x90- #该条目为非字母结尾的无效条目
-728x90 #该条目为非字母结尾的无效条目
-729x91- #该条目为非字母结尾的无效条目
-780x90- #该条目为非字母结尾的无效条目
-980x60- #该条目为非字母结尾的无效条目
-988x60 #该条目为非字母结尾的无效条目
-didomi.js #该条目为.js结尾的无效条目
-geoIP.js #该条目为.js结尾的无效条目
-scroll-tracker.js #该条目为.js结尾的无效条目
.1.1.1.l80.js #该条目为.js结尾的无效条目
.120x600 #该条目为非字母结尾的无效条目
.160x600 #该条目为非字母结尾的无效条目
.3.n.2.1.l50.js #该条目为.js结尾的无效条目
.3.n.2.2.l30.js #该条目为.js结尾的无效条目
.300x250 #该条目为非字母结尾的无效条目
.468x60- #该条目为非字母结尾的无效条目
.468x60 #该条目为非字母结尾的无效条目
.468x80- #该条目为非字母结尾的无效条目
.468x80 #该条目为非字母结尾的无效条目
.480x60- #该条目为非字母结尾的无效条目
.480x60 #该条目为非字母结尾的无效条目
.728x90- #该条目为非字母结尾的无效条目
.900x100 #该条目为非字母结尾的无效条目
.beacon.min.js #该条目为.js结尾的无效条目
.eloqua.js #该条目为.js结尾的无效条目
.gatracking.js #该条目为.js结尾的无效条目
.n.2.1.js #该条目为.js结尾的无效条目
.n.2.1.l60.js #该条目为.js结尾的无效条目
.outbound-links.pageview-props.revenue.tagged-events.js #该条目为.js结尾的无效条目
.pageview-props.js #该条目为.js结尾的无效条目
.skimlinks.js #该条目为.js结尾的无效条目
142.91.159 #该条目为非字母结尾的无效条目
158.247.208 #该条目为非字母结尾的无效条目
23.109.82 #该条目为非字母结尾的无效条目
23.109.87 #该条目为非字母结尾的无效条目
aan.amazon.* #该条目为非字母结尾的无效条目
ad.kisstvshow.* #该条目为非字母结尾的无效条目
adserver1 #该条目为非字母结尾的无效条目
adservice.google.* #该条目为非字母结尾的无效条目
adservice.google.co.* #该条目为非字母结尾的无效条目
bondzgi* #该条目为非字母结尾的无效条目
cnt.hd21 #该条目为非字母结尾的无效条目
collector.xhamster* #该条目为非字母结尾的无效条目
pgl.example0101 #该条目为非字母结尾的无效条目
player-feedback*.glomex.* #该条目为非字母结尾的无效条目
servo-report.keepstreams.* #该条目为非字母结尾的无效条目
ulog*.* #该条目为非字母结尾的无效条目
